# JRE version: OpenJDK Runtime Environment Temurin-21.0.6+7 (21.0.6+7) (build 21.0.6+7-LTS)
# Java VM: OpenJDK 64-Bit Server VM Temurin-21.0.6+7 (21.0.6+7-LTS, mixed mode, sharing, tiered, compressed oops, compressed class ptrs, parallel gc, windows-amd64)
GC Precious Log:
 CardTable entry size: 512
 CPUs: 8 total, 8 available
 Memory: 16050M
 Large Page Support: Disabled
 NUMA Support: Disabled
 Compressed Oops: Enabled (32-bit)
 Alignments: Space 512K, Generation 512K, Heap 2M
 Heap Min Capacity: 100M
 Heap Initial Capacity: 100M
 Heap Max Capacity: 1G
 Pre-touch: Disabled
 Parallel Workers: 8
Heap:
 PSYoungGen      total 3584K, used 3424K [0x00000000eab00000, 0x00000000eaf80000, 0x0000000100000000)
  eden space 2560K, 100% used [0x00000000eab00000,0x00000000ead80000,0x00000000ead80000)
  from space 1024K, 84% used [0x00000000ead80000,0x00000000eae58000,0x00000000eae80000)
  to   space 1024K, 59% used [0x00000000eae80000,0x00000000eaf18000,0x00000000eaf80000)
 ParOldGen       total 279040K, used 278629K [0x00000000c0000000, 0x00000000d1080000, 0x00000000eab00000)
  object space 279040K, 99% used [0x00000000c0000000,0x00000000d10196b0,0x00000000d1080000)
 Metaspace       used 85173K, committed 86912K, reserved 1179648K
  class space    used 8522K, committed 9344K, reserved 1048576K
GC Heap History (20 events):
Event: 1563.816 GC heap after
{Heap after GC invocations=1722 (full 5):
 PSYoungGen      total 3584K, used 720K [0x00000000eab00000, 0x00000000eaf80000, 0x0000000100000000)
  eden space 2560K, 0% used [0x00000000eab00000,0x00000000eab00000,0x00000000ead80000)
  from space 1024K, 70% used [0x00000000eae80000,0x00000000eaf34010,0x00000000eaf80000)
  to   space 1024K, 0% used [0x00000000ead80000,0x00000000ead80000,0x00000000eae80000)
 ParOldGen       total 273408K, used 273246K [0x00000000c0000000, 0x00000000d0b00000, 0x00000000eab00000)
  object space 273408K, 99% used [0x00000000c0000000,0x00000000d0ad7968,0x00000000d0b00000)
 Metaspace       used 85144K, committed 86912K, reserved 1179648K
  class space    used 8522K, committed 9344K, reserved 1048576K
}
Event: 1563.824 GC heap before
{Heap before GC invocations=1723 (full 5):
 PSYoungGen      total 3584K, used 3280K [0x00000000eab00000, 0x00000000eaf80000, 0x0000000100000000)
  eden space 2560K, 100% used [0x00000000eab00000,0x00000000ead80000,0x00000000ead80000)
  from space 1024K, 70% used [0x00000000eae80000,0x00000000eaf34010,0x00000000eaf80000)
  to   space 1024K, 0% used [0x00000000ead80000,0x00000000ead80000,0x00000000eae80000)
 ParOldGen       total 273408K, used 273246K [0x00000000c0000000, 0x00000000d0b00000, 0x00000000eab00000)
  object space 273408K, 99% used [0x00000000c0000000,0x00000000d0ad7968,0x00000000d0b00000)
 Metaspace       used 85149K, committed 86912K, reserved 1179648K
  class space    used 8522K, committed 9344K, reserved 1048576K
}
Event: 1563.826 GC heap after
{Heap after GC invocations=1723 (full 5):
 PSYoungGen      total 3584K, used 832K [0x00000000eab00000, 0x00000000eaf80000, 0x0000000100000000)
  eden space 2560K, 0% used [0x00000000eab00000,0x00000000eab00000,0x00000000ead80000)
  from space 1024K, 81% used [0x00000000ead80000,0x00000000eae50000,0x00000000eae80000)
  to   space 1024K, 0% used [0x00000000eae80000,0x00000000eae80000,0x00000000eaf80000)
 ParOldGen       total 273920K, used 273894K [0x00000000c0000000, 0x00000000d0b80000, 0x00000000eab00000)
  object space 273920K, 99% used [0x00000000c0000000,0x00000000d0b79988,0x00000000d0b80000)
 Metaspace       used 85149K, committed 86912K, reserved 1179648K
  class space    used 8522K, committed 9344K, reserved 1048576K
}
Event: 1563.831 GC heap before
{Heap before GC invocations=1724 (full 5):
 PSYoungGen      total 3584K, used 3392K [0x00000000eab00000, 0x00000000eaf80000, 0x0000000100000000)
  eden space 2560K, 100% used [0x00000000eab00000,0x00000000ead80000,0x00000000ead80000)
  from space 1024K, 81% used [0x00000000ead80000,0x00000000eae50000,0x00000000eae80000)
  to   space 1024K, 0% used [0x00000000eae80000,0x00000000eae80000,0x00000000eaf80000)
 ParOldGen       total 273920K, used 273894K [0x00000000c0000000, 0x00000000d0b80000, 0x00000000eab00000)
  object space 273920K, 99% used [0x00000000c0000000,0x00000000d0b79988,0x00000000d0b80000)
 Metaspace       used 85149K, committed 86912K, reserved 1179648K
  class space    used 8522K, committed 9344K, reserved 1048576K
}
Event: 1563.832 GC heap after
{Heap after GC invocations=1724 (full 5):
 PSYoungGen      total 3072K, used 320K [0x00000000eab00000, 0x00000000eaf00000, 0x0000000100000000)
  eden space 2560K, 0% used [0x00000000eab00000,0x00000000eab00000,0x00000000ead80000)
  from space 512K, 62% used [0x00000000eae80000,0x00000000eaed0000,0x00000000eaf00000)
  to   space 512K, 0% used [0x00000000eae00000,0x00000000eae00000,0x00000000eae80000)
 ParOldGen       total 274944K, used 274627K [0x00000000c0000000, 0x00000000d0c80000, 0x00000000eab00000)
  object space 274944K, 99% used [0x00000000c0000000,0x00000000d0c30de8,0x00000000d0c80000)
 Metaspace       used 85149K, committed 86912K, reserved 1179648K
  class space    used 8522K, committed 9344K, reserved 1048576K
}
Event: 1563.839 GC heap before
{Heap before GC invocations=1725 (full 5):
 PSYoungGen      total 3072K, used 2880K [0x00000000eab00000, 0x00000000eaf00000, 0x0000000100000000)
  eden space 2560K, 100% used [0x00000000eab00000,0x00000000ead80000,0x00000000ead80000)
  from space 512K, 62% used [0x00000000eae80000,0x00000000eaed0000,0x00000000eaf00000)
  to   space 512K, 0% used [0x00000000eae00000,0x00000000eae00000,0x00000000eae80000)
 ParOldGen       total 274944K, used 274627K [0x00000000c0000000, 0x00000000d0c80000, 0x00000000eab00000)
  object space 274944K, 99% used [0x00000000c0000000,0x00000000d0c30de8,0x00000000d0c80000)
 Metaspace       used 85149K, committed 86912K, reserved 1179648K
  class space    used 8522K, committed 9344K, reserved 1048576K
}
Event: 1563.840 GC heap after
{Heap after GC invocations=1725 (full 5):
 PSYoungGen      total 3072K, used 128K [0x00000000eab00000, 0x00000000eaf00000, 0x0000000100000000)
  eden space 2560K, 0% used [0x00000000eab00000,0x00000000eab00000,0x00000000ead80000)
  from space 512K, 25% used [0x00000000eae00000,0x00000000eae20000,0x00000000eae80000)
  to   space 512K, 0% used [0x00000000eae80000,0x00000000eae80000,0x00000000eaf00000)
 ParOldGen       total 274944K, used 274750K [0x00000000c0000000, 0x00000000d0c80000, 0x00000000eab00000)
  object space 274944K, 99% used [0x00000000c0000000,0x00000000d0c4fa48,0x00000000d0c80000)
 Metaspace       used 85149K, committed 86912K, reserved 1179648K
  class space    used 8522K, committed 9344K, reserved 1048576K
}
Event: 1564.415 GC heap before
{Heap before GC invocations=1726 (full 5):
 PSYoungGen      total 3072K, used 2688K [0x00000000eab00000, 0x00000000eaf00000, 0x0000000100000000)
  eden space 2560K, 100% used [0x00000000eab00000,0x00000000ead80000,0x00000000ead80000)
  from space 512K, 25% used [0x00000000eae00000,0x00000000eae20000,0x00000000eae80000)
  to   space 512K, 0% used [0x00000000eae80000,0x00000000eae80000,0x00000000eaf00000)
 ParOldGen       total 274944K, used 274750K [0x00000000c0000000, 0x00000000d0c80000, 0x00000000eab00000)
  object space 274944K, 99% used [0x00000000c0000000,0x00000000d0c4fa48,0x00000000d0c80000)
 Metaspace       used 85149K, committed 86912K, reserved 1179648K
  class space    used 8522K, committed 9344K, reserved 1048576K
}
Event: 1564.416 GC heap after
{Heap after GC invocations=1726 (full 5):
 PSYoungGen      total 3072K, used 512K [0x00000000eab00000, 0x00000000eaf80000, 0x0000000100000000)
  eden space 2560K, 0% used [0x00000000eab00000,0x00000000eab00000,0x00000000ead80000)
  from space 512K, 100% used [0x00000000eae80000,0x00000000eaf00000,0x00000000eaf00000)
  to   space 1024K, 0% used [0x00000000ead80000,0x00000000ead80000,0x00000000eae80000)
 ParOldGen       total 274944K, used 274806K [0x00000000c0000000, 0x00000000d0c80000, 0x00000000eab00000)
  object space 274944K, 99% used [0x00000000c0000000,0x00000000d0c5da48,0x00000000d0c80000)
 Metaspace       used 85149K, committed 86912K, reserved 1179648K
  class space    used 8522K, committed 9344K, reserved 1048576K
}
Event: 1564.426 GC heap before
{Heap before GC invocations=1727 (full 5):
 PSYoungGen      total 3072K, used 3072K [0x00000000eab00000, 0x00000000eaf80000, 0x0000000100000000)
  eden space 2560K, 100% used [0x00000000eab00000,0x00000000ead80000,0x00000000ead80000)
  from space 512K, 100% used [0x00000000eae80000,0x00000000eaf00000,0x00000000eaf00000)
  to   space 1024K, 0% used [0x00000000ead80000,0x00000000ead80000,0x00000000eae80000)
 ParOldGen       total 274944K, used 274806K [0x00000000c0000000, 0x00000000d0c80000, 0x00000000eab00000)
  object space 274944K, 99% used [0x00000000c0000000,0x00000000d0c5da48,0x00000000d0c80000)
 Metaspace       used 85149K, committed 86912K, reserved 1179648K
  class space    used 8522K, committed 9344K, reserved 1048576K
}
Event: 1564.427 GC heap after
{Heap after GC invocations=1727 (full 5):
 PSYoungGen      total 3584K, used 928K [0x00000000eab00000, 0x00000000eaf80000, 0x0000000100000000)
  eden space 2560K, 0% used [0x00000000eab00000,0x00000000eab00000,0x00000000ead80000)
  from space 1024K, 90% used [0x00000000ead80000,0x00000000eae68020,0x00000000eae80000)
  to   space 1024K, 0% used [0x00000000eae80000,0x00000000eae80000,0x00000000eaf80000)
 ParOldGen       total 275456K, used 275253K [0x00000000c0000000, 0x00000000d0d00000, 0x00000000eab00000)
  object space 275456K, 99% used [0x00000000c0000000,0x00000000d0ccd510,0x00000000d0d00000)
 Metaspace       used 85149K, committed 86912K, reserved 1179648K
  class space    used 8522K, committed 9344K, reserved 1048576K
}
Event: 1564.436 GC heap before
{Heap before GC invocations=1728 (full 5):
 PSYoungGen      total 3584K, used 3488K [0x00000000eab00000, 0x00000000eaf80000, 0x0000000100000000)
  eden space 2560K, 100% used [0x00000000eab00000,0x00000000ead80000,0x00000000ead80000)
  from space 1024K, 90% used [0x00000000ead80000,0x00000000eae68020,0x00000000eae80000)
  to   space 1024K, 0% used [0x00000000eae80000,0x00000000eae80000,0x00000000eaf80000)
 ParOldGen       total 275456K, used 275253K [0x00000000c0000000, 0x00000000d0d00000, 0x00000000eab00000)
  object space 275456K, 99% used [0x00000000c0000000,0x00000000d0ccd510,0x00000000d0d00000)
 Metaspace       used 85154K, committed 86912K, reserved 1179648K
  class space    used 8522K, committed 9344K, reserved 1048576K
}
Event: 1564.438 GC heap after
{Heap after GC invocations=1728 (full 5):
 PSYoungGen      total 3584K, used 768K [0x00000000eab00000, 0x00000000eaf80000, 0x0000000100000000)
  eden space 2560K, 0% used [0x00000000eab00000,0x00000000eab00000,0x00000000ead80000)
  from space 1024K, 75% used [0x00000000eae80000,0x00000000eaf40000,0x00000000eaf80000)
  to   space 1024K, 0% used [0x00000000ead80000,0x00000000ead80000,0x00000000eae80000)
 ParOldGen       total 276480K, used 276085K [0x00000000c0000000, 0x00000000d0e00000, 0x00000000eab00000)
  object space 276480K, 99% used [0x00000000c0000000,0x00000000d0d9d530,0x00000000d0e00000)
 Metaspace       used 85154K, committed 86912K, reserved 1179648K
  class space    used 8522K, committed 9344K, reserved 1048576K
}
Event: 1564.605 GC heap before
{Heap before GC invocations=1729 (full 5):
 PSYoungGen      total 3584K, used 3328K [0x00000000eab00000, 0x00000000eaf80000, 0x0000000100000000)
  eden space 2560K, 100% used [0x00000000eab00000,0x00000000ead80000,0x00000000ead80000)
  from space 1024K, 75% used [0x00000000eae80000,0x00000000eaf40000,0x00000000eaf80000)
  to   space 1024K, 0% used [0x00000000ead80000,0x00000000ead80000,0x00000000eae80000)
 ParOldGen       total 276480K, used 276085K [0x00000000c0000000, 0x00000000d0e00000, 0x00000000eab00000)
  object space 276480K, 99% used [0x00000000c0000000,0x00000000d0d9d530,0x00000000d0e00000)
 Metaspace       used 85164K, committed 86912K, reserved 1179648K
  class space    used 8522K, committed 9344K, reserved 1048576K
}
Event: 1564.608 GC heap after
{Heap after GC invocations=1729 (full 5):
 PSYoungGen      total 3584K, used 544K [0x00000000eab00000, 0x00000000eaf80000, 0x0000000100000000)
  eden space 2560K, 0% used [0x00000000eab00000,0x00000000eab00000,0x00000000ead80000)
  from space 1024K, 53% used [0x00000000ead80000,0x00000000eae08000,0x00000000eae80000)
  to   space 1024K, 0% used [0x00000000eae80000,0x00000000eae80000,0x00000000eaf80000)
 ParOldGen       total 276992K, used 276769K [0x00000000c0000000, 0x00000000d0e80000, 0x00000000eab00000)
  object space 276992K, 99% used [0x00000000c0000000,0x00000000d0e48570,0x00000000d0e80000)
 Metaspace       used 85164K, committed 86912K, reserved 1179648K
  class space    used 8522K, committed 9344K, reserved 1048576K
}
Event: 1564.615 GC heap before
{Heap before GC invocations=1730 (full 5):
 PSYoungGen      total 3584K, used 3104K [0x00000000eab00000, 0x00000000eaf80000, 0x0000000100000000)
  eden space 2560K, 100% used [0x00000000eab00000,0x00000000ead80000,0x00000000ead80000)
  from space 1024K, 53% used [0x00000000ead80000,0x00000000eae08000,0x00000000eae80000)
  to   space 1024K, 0% used [0x00000000eae80000,0x00000000eae80000,0x00000000eaf80000)
 ParOldGen       total 276992K, used 276769K [0x00000000c0000000, 0x00000000d0e80000, 0x00000000eab00000)
  object space 276992K, 99% used [0x00000000c0000000,0x00000000d0e48570,0x00000000d0e80000)
 Metaspace       used 85173K, committed 86912K, reserved 1179648K
  class space    used 8522K, committed 9344K, reserved 1048576K
}
Event: 1564.617 GC heap after
{Heap after GC invocations=1730 (full 5):
 PSYoungGen      total 3584K, used 769K [0x00000000eab00000, 0x00000000eaf80000, 0x0000000100000000)
  eden space 2560K, 0% used [0x00000000eab00000,0x00000000eab00000,0x00000000ead80000)
  from space 1024K, 75% used [0x00000000eae80000,0x00000000eaf40648,0x00000000eaf80000)
  to   space 1024K, 0% used [0x00000000ead80000,0x00000000ead80000,0x00000000eae80000)
 ParOldGen       total 277504K, used 277194K [0x00000000c0000000, 0x00000000d0f00000, 0x00000000eab00000)
  object space 277504K, 99% used [0x00000000c0000000,0x00000000d0eb2bb8,0x00000000d0f00000)
 Metaspace       used 85173K, committed 86912K, reserved 1179648K
  class space    used 8522K, committed 9344K, reserved 1048576K
}
Event: 1564.626 GC heap before
{Heap before GC invocations=1731 (full 5):
 PSYoungGen      total 3584K, used 3329K [0x00000000eab00000, 0x00000000eaf80000, 0x0000000100000000)
  eden space 2560K, 100% used [0x00000000eab00000,0x00000000ead80000,0x00000000ead80000)
  from space 1024K, 75% used [0x00000000eae80000,0x00000000eaf40648,0x00000000eaf80000)
  to   space 1024K, 0% used [0x00000000ead80000,0x00000000ead80000,0x00000000eae80000)
 ParOldGen       total 277504K, used 277194K [0x00000000c0000000, 0x00000000d0f00000, 0x00000000eab00000)
  object space 277504K, 99% used [0x00000000c0000000,0x00000000d0eb2bb8,0x00000000d0f00000)
 Metaspace       used 85173K, committed 86912K, reserved 1179648K
  class space    used 8522K, committed 9344K, reserved 1048576K
}
Event: 1564.627 GC heap after
{Heap after GC invocations=1731 (full 5):
 PSYoungGen      total 3584K, used 864K [0x00000000eab00000, 0x00000000eaf80000, 0x0000000100000000)
  eden space 2560K, 0% used [0x00000000eab00000,0x00000000eab00000,0x00000000ead80000)
  from space 1024K, 84% used [0x00000000ead80000,0x00000000eae58000,0x00000000eae80000)
  to   space 1024K, 0% used [0x00000000eae80000,0x00000000eae80000,0x00000000eaf80000)
 ParOldGen       total 278016K, used 277857K [0x00000000c0000000, 0x00000000d0f80000, 0x00000000eab00000)
  object space 278016K, 99% used [0x00000000c0000000,0x00000000d0f586a0,0x00000000d0f80000)
 Metaspace       used 85173K, committed 86912K, reserved 1179648K
  class space    used 8522K, committed 9344K, reserved 1048576K
}
Event: 1564.634 GC heap before
{Heap before GC invocations=1732 (full 5):
 PSYoungGen      total 3584K, used 3424K [0x00000000eab00000, 0x00000000eaf80000, 0x0000000100000000)
  eden space 2560K, 100% used [0x00000000eab00000,0x00000000ead80000,0x00000000ead80000)
  from space 1024K, 84% used [0x00000000ead80000,0x00000000eae58000,0x00000000eae80000)
  to   space 1024K, 0% used [0x00000000eae80000,0x00000000eae80000,0x00000000eaf80000)
 ParOldGen       total 278016K, used 277857K [0x00000000c0000000, 0x00000000d0f80000, 0x00000000eab00000)
  object space 278016K, 99% used [0x00000000c0000000,0x00000000d0f586a0,0x00000000d0f80000)
 Metaspace       used 85173K, committed 86912K, reserved 1179648K
  class space    used 8522K, committed 9344K, reserved 1048576K
}

